<?xml version="1.0" encoding="UTF-8"?>
<testsuite xmlns:xsi="http://www.w3.org/2001/XMLSchema-instance" xsi:noNamespaceSchemaLocation="https://maven.apache.org/surefire/maven-surefire-plugin/xsd/surefire-test-report-3.0.xsd" version="3.0" name="com.gbrit.config.ConfigApplicationTests" time="3.332" tests="1" errors="0" skipped="0" failures="0">
  <properties>
[...]
</properties>
  <testcase name="contextLoads" classname="com.gbrit.config.ConfigApplicationTests" time="1.103">
    <system-out><![CDATA[15:13:52.587 [main] INFO org.springframework.test.context.support.AnnotationConfigContextLoaderUtils -- Could not detect default configuration classes for test class [com.gbrit.config.ConfigApplicationTests]: ConfigApplicationTests does not declare any static, non-private, non-final, nested classes annotated with @Configuration.
15:13:52.670 [main] INFO org.springframework.boot.test.context.SpringBootTestContextBootstrapper -- Found @SpringBootConfiguration com.gbrit.config.ConfigApplication for test class com.gbrit.config.ConfigApplicationTests

  .   ____          _            __ _ _
 /\\ / ___'_ __ _ _(_)_ __  __ _ \ \ \ \
( ( )\___ | '_ | '_| | '_ \/ _` | \ \ \ \
 \\/  ___)| |_)| | | | | || (_| |  ) ) ) )
  '  |____| .__|_| |_|_| |_\__, | / / / /
 =========|_|==============|___/=/_/_/_/
 :: Spring Boot ::                (v3.1.5)

2026-06-13T15:13:52.921+05:30  INFO 56650 --- [           main] c.gbrit.config.ConfigApplicationTests    : Starting ConfigApplicationTests using Java 17.0.9 with PID 56650 (started by gbrit4 in /home/gbrit4/MathEditor_BE/Config_Math)
2026-06-13T15:13:52.921+05:30  INFO 56650 --- [           main] c.gbrit.config.ConfigApplicationTests    : No active profile set, falling back to 1 default profile: "default"
2026-06-13T15:13:53.485+05:30  INFO 56650 --- [           main] o.s.cloud.context.scope.GenericScope     : BeanFactory id=080b440b-bd2d-3557-ac6b-42e3becf335c
2026-06-13T15:13:53.855+05:30  INFO 56650 --- [           main] DiscoveryClientOptionalArgsConfiguration : Eureka HTTP Client uses RestTemplate.
2026-06-13T15:13:54.066+05:30  WARN 56650 --- [           main] iguration$LoadBalancerCaffeineWarnLogger : Spring Cloud LoadBalancer is currently working with the default cache. While this cache implementation is useful for development and tests, it's recommended to use Caffeine cache in production.You can switch to using Caffeine cache, by adding it and org.springframework.cache.caffeine.CaffeineCacheManager to the classpath.
2026-06-13T15:13:54.080+05:30  INFO 56650 --- [           main] o.s.c.n.eureka.InstanceInfoFactory       : Setting initial instance status as: STARTING
2026-06-13T15:13:54.122+05:30  INFO 56650 --- [           main] com.netflix.discovery.DiscoveryClient    : Initializing Eureka in region us-east-1
2026-06-13T15:13:54.126+05:30  INFO 56650 --- [           main] c.n.d.s.r.aws.ConfigClusterResolver      : Resolving eureka endpoints via configuration
2026-06-13T15:13:54.138+05:30  INFO 56650 --- [           main] com.netflix.discovery.DiscoveryClient    : Disable delta property : false
2026-06-13T15:13:54.138+05:30  INFO 56650 --- [           main] com.netflix.discovery.DiscoveryClient    : Single vip registry refresh property : null
2026-06-13T15:13:54.138+05:30  INFO 56650 --- [           main] com.netflix.discovery.DiscoveryClient    : Force full registry fetch : false
2026-06-13T15:13:54.138+05:30  INFO 56650 --- [           main] com.netflix.discovery.DiscoveryClient    : Application is null : false
2026-06-13T15:13:54.138+05:30  INFO 56650 --- [           main] com.netflix.discovery.DiscoveryClient    : Registered Applications size is zero : true
2026-06-13T15:13:54.138+05:30  INFO 56650 --- [           main] com.netflix.discovery.DiscoveryClient    : Application version is -1: true
2026-06-13T15:13:54.138+05:30  INFO 56650 --- [           main] com.netflix.discovery.DiscoveryClient    : Getting all instance registry info from the eureka server
2026-06-13T15:13:54.634+05:30  INFO 56650 --- [           main] com.netflix.discovery.DiscoveryClient    : The response status is 200
2026-06-13T15:13:54.636+05:30  INFO 56650 --- [           main] com.netflix.discovery.DiscoveryClient    : Starting heartbeat executor: renew interval is: 30
2026-06-13T15:13:54.637+05:30  INFO 56650 --- [           main] c.n.discovery.InstanceInfoReplicator     : InstanceInfoReplicator onDemand update allowed rate per min is 4
2026-06-13T15:13:54.640+05:30  INFO 56650 --- [           main] com.netflix.discovery.DiscoveryClient    : Discovery Client initialized at timestamp 1781343834640 with initial instances count: 4
2026-06-13T15:13:54.641+05:30  INFO 56650 --- [           main] o.s.c.n.e.s.EurekaServiceRegistry        : Registering application CONFIG-SERVER with eureka with status UP
2026-06-13T15:13:54.642+05:30  INFO 56650 --- [           main] com.netflix.discovery.DiscoveryClient    : Saw local status change event StatusChangeEvent [timestamp=1781343834642, current=UP, previous=STARTING]
2026-06-13T15:13:54.642+05:30  INFO 56650 --- [nfoReplicator-0] com.netflix.discovery.DiscoveryClient    : DiscoveryClient_CONFIG-SERVER/192.168.1.44:CONFIG-SERVER:8085: registering service...
2026-06-13T15:13:54.653+05:30  INFO 56650 --- [           main] c.gbrit.config.ConfigApplicationTests    : Started ConfigApplicationTests in 1.895 seconds (process running for 2.694)
2026-06-13T15:13:54.973+05:30  INFO 56650 --- [nfoReplicator-0] com.netflix.discovery.DiscoveryClient    : DiscoveryClient_CONFIG-SERVER/192.168.1.44:CONFIG-SERVER:8085 - registration status: 204
]]></system-out>
  </testcase>
</testsuite>